[ 2017-06-20T22:34:54+08:00 ] 127.0.0.1 /index.php/Admin/Goods/goodsAdd.html
INFO: [ app_init ] --START--
INFO: Run Behavior\BuildLiteBehavior [ RunTime:0.000054s ]
INFO: [ app_init ] --END-- [ RunTime:0.001373s ]
INFO: [ app_begin ] --START--
INFO: Run Behavior\ReadHtmlCacheBehavior [ RunTime:0.002410s ]
INFO: [ app_begin ] --END-- [ RunTime:0.002731s ]
NOTIC: [2] call_user_func() expects parameter 1 to be a valid callback, no array or string given F:\TPblog\ThinkPHP\Library\Think\Upload.class.php 第 170 行.
NOTIC: [8] Use of undefined constant __UPLOAD__ - assumed '__UPLOAD__' F:\TPblog\Application\Admin\Controller\GoodsController.class.php 第 22 行.

[ 2017-06-20T22:34:57+08:00 ] 127.0.0.1 /index.php/Admin/goods/goodsAdd.html
INFO: [ app_init ] --START--
INFO: Run Behavior\BuildLiteBehavior [ RunTime:0.000079s ]
INFO: [ app_init ] --END-- [ RunTime:0.001760s ]
INFO: [ app_begin ] --START--
INFO: Run Behavior\ReadHtmlCacheBehavior [ RunTime:0.004042s ]
INFO: [ app_begin ] --END-- [ RunTime:0.004503s ]
SQL: SHOW COLUMNS FROM `category` [ RunTime:0.0119s ]
SQL: SELECT * FROM `category` WHERE ( cate_pid=0 )  [ RunTime:0.0006s ]
SQL: SHOW COLUMNS FROM `brand` [ RunTime:0.0129s ]
SQL: SELECT * FROM `brand`  [ RunTime:0.0006s ]
INFO: [ view_parse ] --START--
INFO: [ template_filter ] --START--
INFO: Run Behavior\ContentReplaceBehavior [ RunTime:0.000371s ]
INFO: [ template_filter ] --END-- [ RunTime:0.000612s ]
INFO: Run Behavior\ParseTemplateBehavior [ RunTime:0.077541s ]
INFO: [ view_parse ] --END-- [ RunTime:0.077811s ]
INFO: [ view_filter ] --START--
INFO: Run Behavior\WriteHtmlCacheBehavior [ RunTime:0.001378s ]
INFO: [ view_filter ] --END-- [ RunTime:0.001574s ]
INFO: [ app_end ] --START--
INFO: Run Behavior\ShowPageTraceBehavior [ RunTime:0.002384s ]
INFO: [ app_end ] --END-- [ RunTime:0.002594s ]

[ 2017-06-20T22:35:02+08:00 ] 127.0.0.1 /index.php/Admin/Goods/goodsAdd.html
INFO: [ app_init ] --START--
INFO: Run Behavior\BuildLiteBehavior [ RunTime:0.000050s ]
INFO: [ app_init ] --END-- [ RunTime:0.001116s ]
INFO: [ app_begin ] --START--
INFO: Run Behavior\ReadHtmlCacheBehavior [ RunTime:0.002347s ]
INFO: [ app_begin ] --END-- [ RunTime:0.002577s ]
NOTIC: [2] call_user_func() expects parameter 1 to be a valid callback, no array or string given F:\TPblog\ThinkPHP\Library\Think\Upload.class.php 第 170 行.
NOTIC: [8] Use of undefined constant __UPLOAD__ - assumed '__UPLOAD__' F:\TPblog\Application\Admin\Controller\GoodsController.class.php 第 22 行.

[ 2017-06-20T22:39:51+08:00 ] 127.0.0.1 /index.php/Admin/Goods/goodsAdd.html
INFO: [ app_init ] --START--
INFO: Run Behavior\BuildLiteBehavior [ RunTime:0.000052s ]
INFO: [ app_init ] --END-- [ RunTime:0.001314s ]
INFO: [ app_begin ] --START--
INFO: Run Behavior\ReadHtmlCacheBehavior [ RunTime:0.002195s ]
INFO: [ app_begin ] --END-- [ RunTime:0.002449s ]
NOTIC: [2] call_user_func() expects parameter 1 to be a valid callback, no array or string given F:\TPblog\ThinkPHP\Library\Think\Upload.class.php 第 170 行.
NOTIC: [8] Use of undefined constant __ADMIN__ - assumed '__ADMIN__' F:\TPblog\Application\Admin\Controller\GoodsController.class.php 第 22 行.

[ 2017-06-20T22:40:16+08:00 ] 127.0.0.1 /index.php/Admin/Goods/goodsAdd.html
INFO: [ app_init ] --START--
INFO: Run Behavior\BuildLiteBehavior [ RunTime:0.000052s ]
INFO: [ app_init ] --END-- [ RunTime:0.001279s ]
INFO: [ app_begin ] --START--
INFO: Run Behavior\ReadHtmlCacheBehavior [ RunTime:0.002977s ]
INFO: [ app_begin ] --END-- [ RunTime:0.003305s ]
NOTIC: [2] call_user_func() expects parameter 1 to be a valid callback, no array or string given F:\TPblog\ThinkPHP\Library\Think\Upload.class.php 第 170 行.

[ 2017-06-20T22:46:29+08:00 ] 127.0.0.1 /index.php/Admin/Goods/goodsAdd.html
INFO: [ app_init ] --START--
INFO: Run Behavior\BuildLiteBehavior [ RunTime:0.000056s ]
INFO: [ app_init ] --END-- [ RunTime:0.001300s ]
INFO: [ app_begin ] --START--
INFO: Run Behavior\ReadHtmlCacheBehavior [ RunTime:0.002588s ]
INFO: [ app_begin ] --END-- [ RunTime:0.002890s ]
NOTIC: [2] call_user_func() expects parameter 1 to be a valid callback, no array or string given F:\TPblog\ThinkPHP\Library\Think\Upload.class.php 第 170 行.

[ 2017-06-20T22:46:58+08:00 ] 127.0.0.1 /index.php/Admin/brand/brandList.html
INFO: [ app_init ] --START--
INFO: Run Behavior\BuildLiteBehavior [ RunTime:0.000051s ]
INFO: [ app_init ] --END-- [ RunTime:0.001096s ]
INFO: [ app_begin ] --START--
INFO: Run Behavior\ReadHtmlCacheBehavior [ RunTime:0.002073s ]
INFO: [ app_begin ] --END-- [ RunTime:0.002334s ]
SQL: SHOW COLUMNS FROM `brand` [ RunTime:0.0113s ]
SQL: SELECT a.*,b.cate_name FROM brand a left join category as b on a.cate_id=b.id   [ RunTime:0.0304s ]
INFO: [ view_parse ] --START--
INFO: [ template_filter ] --START--
INFO: Run Behavior\ContentReplaceBehavior [ RunTime:0.000274s ]
INFO: [ template_filter ] --END-- [ RunTime:0.000512s ]
NOTIC: [8] Undefined variable: val F:\TPblog\Application\Runtime\Cache\Admin\03958e86abe452126a76bb306fb4f3ea.php 第 45 行.
NOTIC: [8] Use of undefined constant id - assumed 'id' F:\TPblog\Application\Runtime\Cache\Admin\03958e86abe452126a76bb306fb4f3ea.php 第 51 行.
NOTIC: [8] Undefined variable: val F:\TPblog\Application\Runtime\Cache\Admin\03958e86abe452126a76bb306fb4f3ea.php 第 45 行.
NOTIC: [8] Use of undefined constant id - assumed 'id' F:\TPblog\Application\Runtime\Cache\Admin\03958e86abe452126a76bb306fb4f3ea.php 第 51 行.
NOTIC: [8] Undefined variable: val F:\TPblog\Application\Runtime\Cache\Admin\03958e86abe452126a76bb306fb4f3ea.php 第 45 行.
NOTIC: [8] Use of undefined constant id - assumed 'id' F:\TPblog\Application\Runtime\Cache\Admin\03958e86abe452126a76bb306fb4f3ea.php 第 51 行.
INFO: Run Behavior\ParseTemplateBehavior [ RunTime:0.052801s ]
INFO: [ view_parse ] --END-- [ RunTime:0.053053s ]
INFO: [ view_filter ] --START--
INFO: Run Behavior\WriteHtmlCacheBehavior [ RunTime:0.001464s ]
INFO: [ view_filter ] --END-- [ RunTime:0.001647s ]
INFO: [ app_end ] --START--
INFO: Run Behavior\ShowPageTraceBehavior [ RunTime:0.002436s ]
INFO: [ app_end ] --END-- [ RunTime:0.002673s ]

[ 2017-06-20T22:47:02+08:00 ] 127.0.0.1 /index.php/Admin/goods/goodsList.html
INFO: [ app_init ] --START--
INFO: Run Behavior\BuildLiteBehavior [ RunTime:0.000051s ]
INFO: [ app_init ] --END-- [ RunTime:0.001104s ]
INFO: [ app_begin ] --START--
INFO: Run Behavior\ReadHtmlCacheBehavior [ RunTime:0.002145s ]
INFO: [ app_begin ] --END-- [ RunTime:0.002378s ]
SQL: SHOW COLUMNS FROM `goods` [ RunTime:0.0132s ]
SQL: SELECT * FROM `goods`  [ RunTime:0.0007s ]
INFO: [ view_parse ] --START--
INFO: [ template_filter ] --START--
INFO: Run Behavior\ContentReplaceBehavior [ RunTime:0.000382s ]
INFO: [ template_filter ] --END-- [ RunTime:0.000665s ]
NOTIC: [8] Undefined variable: cat_list F:\TPblog\Application\Runtime\Cache\Admin\3268fbbbd0eb3ffe30140f78ff508f86.php 第 22 行.
NOTIC: [8] Undefined variable: brand_list F:\TPblog\Application\Runtime\Cache\Admin\3268fbbbd0eb3ffe30140f78ff508f86.php 第 27 行.
NOTIC: [8] Undefined variable: val F:\TPblog\Application\Runtime\Cache\Admin\3268fbbbd0eb3ffe30140f78ff508f86.php 第 71 行.
NOTIC: [8] Undefined variable: val F:\TPblog\Application\Runtime\Cache\Admin\3268fbbbd0eb3ffe30140f78ff508f86.php 第 72 行.
NOTIC: [8] Undefined variable: val F:\TPblog\Application\Runtime\Cache\Admin\3268fbbbd0eb3ffe30140f78ff508f86.php 第 73 行.
NOTIC: [8] Undefined variable: val F:\TPblog\Application\Runtime\Cache\Admin\3268fbbbd0eb3ffe30140f78ff508f86.php 第 77 行.
NOTIC: [8] Undefined variable: val F:\TPblog\Application\Runtime\Cache\Admin\3268fbbbd0eb3ffe30140f78ff508f86.php 第 78 行.
NOTIC: [8] Undefined variable: val F:\TPblog\Application\Runtime\Cache\Admin\3268fbbbd0eb3ffe30140f78ff508f86.php 第 79 行.
NOTIC: [8] Undefined variable: val F:\TPblog\Application\Runtime\Cache\Admin\3268fbbbd0eb3ffe30140f78ff508f86.php 第 71 行.
NOTIC: [8] Undefined variable: val F:\TPblog\Application\Runtime\Cache\Admin\3268fbbbd0eb3ffe30140f78ff508f86.php 第 72 行.
NOTIC: [8] Undefined variable: val F:\TPblog\Application\Runtime\Cache\Admin\3268fbbbd0eb3ffe30140f78ff508f86.php 第 73 行.
NOTIC: [8] Undefined variable: val F:\TPblog\Application\Runtime\Cache\Admin\3268fbbbd0eb3ffe30140f78ff508f86.php 第 77 行.
NOTIC: [8] Undefined variable: val F:\TPblog\Application\Runtime\Cache\Admin\3268fbbbd0eb3ffe30140f78ff508f86.php 第 78 行.
NOTIC: [8] Undefined variable: val F:\TPblog\Application\Runtime\Cache\Admin\3268fbbbd0eb3ffe30140f78ff508f86.php 第 79 行.
NOTIC: [8] Undefined variable: showPage F:\TPblog\Application\Runtime\Cache\Admin\3268fbbbd0eb3ffe30140f78ff508f86.php 第 88 行.
INFO: Run Behavior\ParseTemplateBehavior [ RunTime:0.038825s ]
INFO: [ view_parse ] --END-- [ RunTime:0.039035s ]
INFO: [ view_filter ] --START--
INFO: Run Behavior\WriteHtmlCacheBehavior [ RunTime:0.001403s ]
INFO: [ view_filter ] --END-- [ RunTime:0.001574s ]
INFO: [ app_end ] --START--
INFO: Run Behavior\ShowPageTraceBehavior [ RunTime:0.002392s ]
INFO: [ app_end ] --END-- [ RunTime:0.002580s ]

[ 2017-06-20T22:47:03+08:00 ] 127.0.0.1 /index.php/Admin/goods/goodsAdd.html
INFO: [ app_init ] --START--
INFO: Run Behavior\BuildLiteBehavior [ RunTime:0.000051s ]
INFO: [ app_init ] --END-- [ RunTime:0.001228s ]
INFO: [ app_begin ] --START--
INFO: Run Behavior\ReadHtmlCacheBehavior [ RunTime:0.002162s ]
INFO: [ app_begin ] --END-- [ RunTime:0.002399s ]
SQL: SHOW COLUMNS FROM `category` [ RunTime:0.0131s ]
SQL: SELECT * FROM `category` WHERE ( cate_pid=0 )  [ RunTime:0.0006s ]
SQL: SHOW COLUMNS FROM `brand` [ RunTime:0.0116s ]
SQL: SELECT * FROM `brand`  [ RunTime:0.0006s ]
INFO: [ view_parse ] --START--
INFO: [ template_filter ] --START--
INFO: Run Behavior\ContentReplaceBehavior [ RunTime:0.000304s ]
INFO: [ template_filter ] --END-- [ RunTime:0.000514s ]
INFO: Run Behavior\ParseTemplateBehavior [ RunTime:0.026530s ]
INFO: [ view_parse ] --END-- [ RunTime:0.026749s ]
INFO: [ view_filter ] --START--
INFO: Run Behavior\WriteHtmlCacheBehavior [ RunTime:0.001144s ]
INFO: [ view_filter ] --END-- [ RunTime:0.001318s ]
INFO: [ app_end ] --START--
INFO: Run Behavior\ShowPageTraceBehavior [ RunTime:0.002047s ]
INFO: [ app_end ] --END-- [ RunTime:0.002240s ]

[ 2017-06-20T22:47:09+08:00 ] 127.0.0.1 /index.php/Admin/Goods/goodsAdd.html
INFO: [ app_init ] --START--
INFO: Run Behavior\BuildLiteBehavior [ RunTime:0.000050s ]
INFO: [ app_init ] --END-- [ RunTime:0.001093s ]
INFO: [ app_begin ] --START--
INFO: Run Behavior\ReadHtmlCacheBehavior [ RunTime:0.001493s ]
INFO: [ app_begin ] --END-- [ RunTime:0.001707s ]
NOTIC: [2] call_user_func() expects parameter 1 to be a valid callback, no array or string given F:\TPblog\ThinkPHP\Library\Think\Upload.class.php 第 170 行.

[ 2017-06-20T22:47:54+08:00 ] 127.0.0.1 /index.php/Admin/Goods/goodsAdd.html
INFO: [ app_init ] --START--
INFO: Run Behavior\BuildLiteBehavior [ RunTime:0.000054s ]
INFO: [ app_init ] --END-- [ RunTime:0.002215s ]
INFO: [ app_begin ] --START--
INFO: Run Behavior\ReadHtmlCacheBehavior [ RunTime:0.002867s ]
INFO: [ app_begin ] --END-- [ RunTime:0.003176s ]
NOTIC: [2] call_user_func() expects parameter 1 to be a valid callback, no array or string given F:\TPblog\ThinkPHP\Library\Think\Upload.class.php 第 170 行.

[ 2017-06-20T22:48:29+08:00 ] 127.0.0.1 /index.php/Admin/Goods/goodsAdd.html
INFO: [ app_init ] --START--
INFO: Run Behavior\BuildLiteBehavior [ RunTime:0.000054s ]
INFO: [ app_init ] --END-- [ RunTime:0.001447s ]
INFO: [ app_begin ] --START--
INFO: Run Behavior\ReadHtmlCacheBehavior [ RunTime:0.002888s ]
INFO: [ app_begin ] --END-- [ RunTime:0.003197s ]
NOTIC: [2] call_user_func() expects parameter 1 to be a valid callback, no array or string given F:\TPblog\ThinkPHP\Library\Think\Upload.class.php 第 170 行.

[ 2017-06-20T22:59:46+08:00 ] 127.0.0.1 /index.php/Admin/Goods/goodsAdd.html
INFO: [ app_init ] --START--
INFO: Run Behavior\BuildLiteBehavior [ RunTime:0.000055s ]
INFO: [ app_init ] --END-- [ RunTime:0.001530s ]
INFO: [ app_begin ] --START--
INFO: Run Behavior\ReadHtmlCacheBehavior [ RunTime:0.002880s ]
INFO: [ app_begin ] --END-- [ RunTime:0.003199s ]
NOTIC: [2] call_user_func() expects parameter 1 to be a valid callback, no array or string given F:\TPblog\ThinkPHP\Library\Think\Upload.class.php 第 170 行.
ERR: 不存在的图像文件

[ 2017-06-20T23:01:25+08:00 ] 127.0.0.1 /index.php/Admin/Goods/goodsAdd.html
INFO: [ app_init ] --START--
INFO: Run Behavior\BuildLiteBehavior [ RunTime:0.000057s ]
INFO: [ app_init ] --END-- [ RunTime:0.001391s ]
INFO: [ app_begin ] --START--
INFO: Run Behavior\ReadHtmlCacheBehavior [ RunTime:0.003250s ]
INFO: [ app_begin ] --END-- [ RunTime:0.003511s ]
NOTIC: [2] call_user_func() expects parameter 1 to be a valid callback, no array or string given F:\TPblog\ThinkPHP\Library\Think\Upload.class.php 第 170 行.

[ 2017-06-20T23:07:09+08:00 ] 127.0.0.1 /index.php/Admin/Goods/goodsAdd.html
INFO: [ app_init ] --START--
INFO: Run Behavior\BuildLiteBehavior [ RunTime:0.000081s ]
INFO: [ app_init ] --END-- [ RunTime:0.001921s ]
INFO: [ app_begin ] --START--
INFO: Run Behavior\ReadHtmlCacheBehavior [ RunTime:0.003429s ]
INFO: [ app_begin ] --END-- [ RunTime:0.003731s ]
NOTIC: [2] call_user_func() expects parameter 1 to be a valid callback, no array or string given F:\TPblog\ThinkPHP\Library\Think\Upload.class.php 第 170 行.

[ 2017-06-20T23:07:24+08:00 ] 127.0.0.1 /index.php/Admin/Category/categoryList.html
INFO: [ app_init ] --START--
INFO: Run Behavior\BuildLiteBehavior [ RunTime:0.000054s ]
INFO: [ app_init ] --END-- [ RunTime:0.001854s ]
INFO: [ app_begin ] --START--
INFO: Run Behavior\ReadHtmlCacheBehavior [ RunTime:0.002540s ]
INFO: [ app_begin ] --END-- [ RunTime:0.002787s ]
SQL: SHOW COLUMNS FROM `category` [ RunTime:0.0135s ]
SQL: SELECT * FROM `category`  [ RunTime:0.0006s ]
INFO: [ view_parse ] --START--
INFO: [ template_filter ] --START--
INFO: Run Behavior\ContentReplaceBehavior [ RunTime:0.000291s ]
INFO: [ template_filter ] --END-- [ RunTime:0.000546s ]
NOTIC: [8] Use of undefined constant id - assumed 'id' F:\TPblog\Application\Runtime\Cache\Admin\c632d2e49df9ad5c68635901312e5643.php 第 39 行.
NOTIC: [8] Use of undefined constant id - assumed 'id' F:\TPblog\Application\Runtime\Cache\Admin\c632d2e49df9ad5c68635901312e5643.php 第 39 行.
NOTIC: [8] Use of undefined constant id - assumed 'id' F:\TPblog\Application\Runtime\Cache\Admin\c632d2e49df9ad5c68635901312e5643.php 第 39 行.
NOTIC: [8] Use of undefined constant id - assumed 'id' F:\TPblog\Application\Runtime\Cache\Admin\c632d2e49df9ad5c68635901312e5643.php 第 39 行.
NOTIC: [8] Use of undefined constant id - assumed 'id' F:\TPblog\Application\Runtime\Cache\Admin\c632d2e49df9ad5c68635901312e5643.php 第 39 行.
NOTIC: [8] Use of undefined constant id - assumed 'id' F:\TPblog\Application\Runtime\Cache\Admin\c632d2e49df9ad5c68635901312e5643.php 第 39 行.
NOTIC: [8] Use of undefined constant id - assumed 'id' F:\TPblog\Application\Runtime\Cache\Admin\c632d2e49df9ad5c68635901312e5643.php 第 39 行.
NOTIC: [8] Use of undefined constant id - assumed 'id' F:\TPblog\Application\Runtime\Cache\Admin\c632d2e49df9ad5c68635901312e5643.php 第 39 行.
NOTIC: [8] Use of undefined constant id - assumed 'id' F:\TPblog\Application\Runtime\Cache\Admin\c632d2e49df9ad5c68635901312e5643.php 第 39 行.
NOTIC: [8] Use of undefined constant id - assumed 'id' F:\TPblog\Application\Runtime\Cache\Admin\c632d2e49df9ad5c68635901312e5643.php 第 39 行.
NOTIC: [8] Use of undefined constant id - assumed 'id' F:\TPblog\Application\Runtime\Cache\Admin\c632d2e49df9ad5c68635901312e5643.php 第 39 行.
NOTIC: [8] Use of undefined constant id - assumed 'id' F:\TPblog\Application\Runtime\Cache\Admin\c632d2e49df9ad5c68635901312e5643.php 第 39 行.
INFO: Run Behavior\ParseTemplateBehavior [ RunTime:0.033710s ]
INFO: [ view_parse ] --END-- [ RunTime:0.033924s ]
INFO: [ view_filter ] --START--
INFO: Run Behavior\WriteHtmlCacheBehavior [ RunTime:0.001871s ]
INFO: [ view_filter ] --END-- [ RunTime:0.002099s ]
INFO: [ app_end ] --START--
INFO: Run Behavior\ShowPageTraceBehavior [ RunTime:0.002726s ]
INFO: [ app_end ] --END-- [ RunTime:0.003065s ]

[ 2017-06-20T23:07:26+08:00 ] 127.0.0.1 /index.php/Admin/goods/goodsAdd.html
INFO: [ app_init ] --START--
INFO: Run Behavior\BuildLiteBehavior [ RunTime:0.000051s ]
INFO: [ app_init ] --END-- [ RunTime:0.001089s ]
INFO: [ app_begin ] --START--
INFO: Run Behavior\ReadHtmlCacheBehavior [ RunTime:0.002427s ]
INFO: [ app_begin ] --END-- [ RunTime:0.002652s ]
SQL: SHOW COLUMNS FROM `category` [ RunTime:0.0125s ]
SQL: SELECT * FROM `category` WHERE ( cate_pid=0 )  [ RunTime:0.0006s ]
SQL: SHOW COLUMNS FROM `brand` [ RunTime:0.0116s ]
SQL: SELECT * FROM `brand`  [ RunTime:0.0006s ]
INFO: [ view_parse ] --START--
INFO: [ template_filter ] --START--
INFO: Run Behavior\ContentReplaceBehavior [ RunTime:0.000314s ]
INFO: [ template_filter ] --END-- [ RunTime:0.000615s ]
INFO: Run Behavior\ParseTemplateBehavior [ RunTime:0.033012s ]
INFO: [ view_parse ] --END-- [ RunTime:0.033351s ]
INFO: [ view_filter ] --START--
INFO: Run Behavior\WriteHtmlCacheBehavior [ RunTime:0.001853s ]
INFO: [ view_filter ] --END-- [ RunTime:0.002073s ]
INFO: [ app_end ] --START--
INFO: Run Behavior\ShowPageTraceBehavior [ RunTime:0.002510s ]
INFO: [ app_end ] --END-- [ RunTime:0.002744s ]

[ 2017-06-20T23:07:31+08:00 ] 127.0.0.1 /index.php/Admin/Goods/goodsAdd.html
INFO: [ app_init ] --START--
INFO: Run Behavior\BuildLiteBehavior [ RunTime:0.000051s ]
INFO: [ app_init ] --END-- [ RunTime:0.001103s ]
INFO: [ app_begin ] --START--
INFO: Run Behavior\ReadHtmlCacheBehavior [ RunTime:0.002052s ]
INFO: [ app_begin ] --END-- [ RunTime:0.002273s ]
NOTIC: [2] call_user_func() expects parameter 1 to be a valid callback, no array or string given F:\TPblog\ThinkPHP\Library\Think\Upload.class.php 第 170 行.
ERR: 不存在的图像文件

[ 2017-06-20T23:08:22+08:00 ] 127.0.0.1 /index.php/Admin/Goods/goodsAdd.html
INFO: [ app_init ] --START--
INFO: Run Behavior\BuildLiteBehavior [ RunTime:0.000068s ]
INFO: [ app_init ] --END-- [ RunTime:0.001328s ]
INFO: [ app_begin ] --START--
INFO: Run Behavior\ReadHtmlCacheBehavior [ RunTime:0.002952s ]
INFO: [ app_begin ] --END-- [ RunTime:0.003194s ]
NOTIC: [2] call_user_func() expects parameter 1 to be a valid callback, no array or string given F:\TPblog\ThinkPHP\Library\Think\Upload.class.php 第 170 行.

[ 2017-06-20T23:08:46+08:00 ] 127.0.0.1 /index.php/Admin/Goods/goodsAdd.html
INFO: [ app_init ] --START--
INFO: Run Behavior\BuildLiteBehavior [ RunTime:0.000072s ]
INFO: [ app_init ] --END-- [ RunTime:0.001292s ]
INFO: [ app_begin ] --START--
INFO: Run Behavior\ReadHtmlCacheBehavior [ RunTime:0.002031s ]
INFO: [ app_begin ] --END-- [ RunTime:0.002258s ]
NOTIC: [2] call_user_func() expects parameter 1 to be a valid callback, no array or string given F:\TPblog\ThinkPHP\Library\Think\Upload.class.php 第 170 行.

[ 2017-06-20T23:11:06+08:00 ] 127.0.0.1 /index.php/Admin/Goods/goodsAdd.html
INFO: [ app_init ] --START--
INFO: Run Behavior\BuildLiteBehavior [ RunTime:0.000054s ]
INFO: [ app_init ] --END-- [ RunTime:0.001498s ]
INFO: [ app_begin ] --START--
INFO: Run Behavior\ReadHtmlCacheBehavior [ RunTime:0.002134s ]
INFO: [ app_begin ] --END-- [ RunTime:0.002359s ]
NOTIC: [2] call_user_func() expects parameter 1 to be a valid callback, no array or string given F:\TPblog\ThinkPHP\Library\Think\Upload.class.php 第 170 行.

[ 2017-06-20T23:17:01+08:00 ] 127.0.0.1 /admin
INFO: [ app_init ] --START--
INFO: Run Behavior\BuildLiteBehavior [ RunTime:0.000156s ]
INFO: [ app_init ] --END-- [ RunTime:0.003552s ]
INFO: [ app_begin ] --START--
INFO: Run Behavior\ReadHtmlCacheBehavior [ RunTime:0.007363s ]
INFO: [ app_begin ] --END-- [ RunTime:0.007736s ]
INFO: [ view_parse ] --START--
INFO: [ template_filter ] --START--
INFO: Run Behavior\ContentReplaceBehavior [ RunTime:0.000170s ]
INFO: [ template_filter ] --END-- [ RunTime:0.000390s ]
INFO: Run Behavior\ParseTemplateBehavior [ RunTime:0.045348s ]
INFO: [ view_parse ] --END-- [ RunTime:0.045642s ]
INFO: [ view_filter ] --START--
INFO: Run Behavior\WriteHtmlCacheBehavior [ RunTime:0.001770s ]
INFO: [ view_filter ] --END-- [ RunTime:0.001976s ]
INFO: [ app_end ] --START--
INFO: Run Behavior\ShowPageTraceBehavior [ RunTime:0.002223s ]
INFO: [ app_end ] --END-- [ RunTime:0.002440s ]

[ 2017-06-20T23:17:01+08:00 ] 127.0.0.1 /index.php/Admin/Index/top.html
INFO: [ app_init ] --START--
INFO: Run Behavior\BuildLiteBehavior [ RunTime:0.000080s ]
INFO: [ app_init ] --END-- [ RunTime:0.001700s ]
INFO: [ app_begin ] --START--
INFO: Run Behavior\ReadHtmlCacheBehavior [ RunTime:0.003965s ]
INFO: [ app_begin ] --END-- [ RunTime:0.004352s ]
INFO: [ view_parse ] --START--
INFO: [ template_filter ] --START--
INFO: Run Behavior\ContentReplaceBehavior [ RunTime:0.000492s ]
INFO: [ template_filter ] --END-- [ RunTime:0.000889s ]
INFO: Run Behavior\ParseTemplateBehavior [ RunTime:0.030854s ]
INFO: [ view_parse ] --END-- [ RunTime:0.031155s ]
INFO: [ view_filter ] --START--
INFO: Run Behavior\WriteHtmlCacheBehavior [ RunTime:0.001472s ]
INFO: [ view_filter ] --END-- [ RunTime:0.001713s ]
INFO: [ app_end ] --START--
INFO: Run Behavior\ShowPageTraceBehavior [ RunTime:0.002624s ]
INFO: [ app_end ] --END-- [ RunTime:0.002874s ]

[ 2017-06-20T23:17:02+08:00 ] 127.0.0.1 /index.php/Admin/Index/menu.html
INFO: [ app_init ] --START--
INFO: Run Behavior\BuildLiteBehavior [ RunTime:0.000085s ]
INFO: [ app_init ] --END-- [ RunTime:0.002885s ]
INFO: [ app_begin ] --START--
INFO: Run Behavior\ReadHtmlCacheBehavior [ RunTime:0.003840s ]
INFO: [ app_begin ] --END-- [ RunTime:0.004290s ]
INFO: [ view_parse ] --START--
INFO: [ template_filter ] --START--
INFO: Run Behavior\ContentReplaceBehavior [ RunTime:0.000579s ]
INFO: [ template_filter ] --END-- [ RunTime:0.000850s ]
INFO: Run Behavior\ParseTemplateBehavior [ RunTime:0.046078s ]
INFO: [ view_parse ] --END-- [ RunTime:0.046435s ]
INFO: [ view_filter ] --START--
INFO: Run Behavior\WriteHtmlCacheBehavior [ RunTime:0.002085s ]
INFO: [ view_filter ] --END-- [ RunTime:0.002363s ]
INFO: [ app_end ] --START--
INFO: Run Behavior\ShowPageTraceBehavior [ RunTime:0.003468s ]
INFO: [ app_end ] --END-- [ RunTime:0.003894s ]

[ 2017-06-20T23:17:02+08:00 ] 127.0.0.1 /index.php/Admin/Index/main.html
INFO: [ app_init ] --START--
INFO: Run Behavior\BuildLiteBehavior [ RunTime:0.000082s ]
INFO: [ app_init ] --END-- [ RunTime:0.002082s ]
INFO: [ app_begin ] --START--
INFO: Run Behavior\ReadHtmlCacheBehavior [ RunTime:0.002748s ]
INFO: [ app_begin ] --END-- [ RunTime:0.003100s ]
INFO: [ view_parse ] --START--
INFO: [ template_filter ] --START--
INFO: Run Behavior\ContentReplaceBehavior [ RunTime:0.000389s ]
INFO: [ template_filter ] --END-- [ RunTime:0.000808s ]
INFO: Run Behavior\ParseTemplateBehavior [ RunTime:0.037770s ]
INFO: [ view_parse ] --END-- [ RunTime:0.038613s ]
INFO: [ view_filter ] --START--
INFO: Run Behavior\WriteHtmlCacheBehavior [ RunTime:0.001719s ]
INFO: [ view_filter ] --END-- [ RunTime:0.002021s ]
INFO: [ app_end ] --START--
INFO: Run Behavior\ShowPageTraceBehavior [ RunTime:0.002683s ]
INFO: [ app_end ] --END-- [ RunTime:0.002982s ]

[ 2017-06-20T23:17:04+08:00 ] 127.0.0.1 /index.php/Admin/brand/brandList.html
INFO: [ app_init ] --START--
INFO: Run Behavior\BuildLiteBehavior [ RunTime:0.000051s ]
INFO: [ app_init ] --END-- [ RunTime:0.001166s ]
INFO: [ app_begin ] --START--
INFO: Run Behavior\ReadHtmlCacheBehavior [ RunTime:0.001813s ]
INFO: [ app_begin ] --END-- [ RunTime:0.002108s ]
SQL: SHOW COLUMNS FROM `brand` [ RunTime:0.0110s ]
SQL: SELECT a.*,b.cate_name FROM brand a left join category as b on a.cate_id=b.id   [ RunTime:0.0006s ]
INFO: [ view_parse ] --START--
INFO: [ template_filter ] --START--
INFO: Run Behavior\ContentReplaceBehavior [ RunTime:0.000259s ]
INFO: [ template_filter ] --END-- [ RunTime:0.000483s ]
NOTIC: [8] Undefined variable: val F:\TPblog\Application\Runtime\Cache\Admin\03958e86abe452126a76bb306fb4f3ea.php 第 45 行.
NOTIC: [8] Use of undefined constant id - assumed 'id' F:\TPblog\Application\Runtime\Cache\Admin\03958e86abe452126a76bb306fb4f3ea.php 第 51 行.
NOTIC: [8] Undefined variable: val F:\TPblog\Application\Runtime\Cache\Admin\03958e86abe452126a76bb306fb4f3ea.php 第 45 行.
NOTIC: [8] Use of undefined constant id - assumed 'id' F:\TPblog\Application\Runtime\Cache\Admin\03958e86abe452126a76bb306fb4f3ea.php 第 51 行.
NOTIC: [8] Undefined variable: val F:\TPblog\Application\Runtime\Cache\Admin\03958e86abe452126a76bb306fb4f3ea.php 第 45 行.
NOTIC: [8] Use of undefined constant id - assumed 'id' F:\TPblog\Application\Runtime\Cache\Admin\03958e86abe452126a76bb306fb4f3ea.php 第 51 行.
INFO: Run Behavior\ParseTemplateBehavior [ RunTime:0.026601s ]
INFO: [ view_parse ] --END-- [ RunTime:0.026850s ]
INFO: [ view_filter ] --START--
INFO: Run Behavior\WriteHtmlCacheBehavior [ RunTime:0.000849s ]
INFO: [ view_filter ] --END-- [ RunTime:0.001019s ]
INFO: [ app_end ] --START--
INFO: Run Behavior\ShowPageTraceBehavior [ RunTime:0.001616s ]
INFO: [ app_end ] --END-- [ RunTime:0.001836s ]

[ 2017-06-20T23:17:05+08:00 ] 127.0.0.1 /index.php/Admin/brand/brandAdd.html
INFO: [ app_init ] --START--
INFO: Run Behavior\BuildLiteBehavior [ RunTime:0.000051s ]
INFO: [ app_init ] --END-- [ RunTime:0.001138s ]
INFO: [ app_begin ] --START--
INFO: Run Behavior\ReadHtmlCacheBehavior [ RunTime:0.001975s ]
INFO: [ app_begin ] --END-- [ RunTime:0.002291s ]

[ 2017-06-20T23:17:21+08:00 ] 127.0.0.1 /index.php/Admin/goods/goodsAdd.html
INFO: [ app_init ] --START--
INFO: Run Behavior\BuildLiteBehavior [ RunTime:0.000051s ]
INFO: [ app_init ] --END-- [ RunTime:0.001242s ]
INFO: [ app_begin ] --START--
INFO: Run Behavior\ReadHtmlCacheBehavior [ RunTime:0.001980s ]
INFO: [ app_begin ] --END-- [ RunTime:0.002220s ]
SQL: SHOW COLUMNS FROM `category` [ RunTime:0.0114s ]
SQL: SELECT * FROM `category` WHERE ( cate_pid=0 )  [ RunTime:0.0006s ]
SQL: SHOW COLUMNS FROM `brand` [ RunTime:0.0108s ]
SQL: SELECT * FROM `brand`  [ RunTime:0.0005s ]
INFO: [ view_parse ] --START--
INFO: [ template_filter ] --START--
INFO: Run Behavior\ContentReplaceBehavior [ RunTime:0.000599s ]
INFO: [ template_filter ] --END-- [ RunTime:0.000915s ]
INFO: Run Behavior\ParseTemplateBehavior [ RunTime:0.028173s ]
INFO: [ view_parse ] --END-- [ RunTime:0.028437s ]
INFO: [ view_filter ] --START--
INFO: Run Behavior\WriteHtmlCacheBehavior [ RunTime:0.001191s ]
INFO: [ view_filter ] --END-- [ RunTime:0.001378s ]
INFO: [ app_end ] --START--
INFO: Run Behavior\ShowPageTraceBehavior [ RunTime:0.001909s ]
INFO: [ app_end ] --END-- [ RunTime:0.002102s ]

[ 2017-06-20T23:17:26+08:00 ] 127.0.0.1 /index.php/Admin/Goods/goodsAdd.html
INFO: [ app_init ] --START--
INFO: Run Behavior\BuildLiteBehavior [ RunTime:0.000056s ]
INFO: [ app_init ] --END-- [ RunTime:0.001275s ]
INFO: [ app_begin ] --START--
INFO: Run Behavior\ReadHtmlCacheBehavior [ RunTime:0.001737s ]
INFO: [ app_begin ] --END-- [ RunTime:0.002039s ]
NOTIC: [2] call_user_func() expects parameter 1 to be a valid callback, no array or string given F:\TPblog\ThinkPHP\Library\Think\Upload.class.php 第 170 行.

[ 2017-06-20T23:18:15+08:00 ] 127.0.0.1 /index.php/Admin/Goods/goodsAdd.html
INFO: [ app_init ] --START--
INFO: Run Behavior\BuildLiteBehavior [ RunTime:0.000055s ]
INFO: [ app_init ] --END-- [ RunTime:0.001877s ]
INFO: [ app_begin ] --START--
INFO: Run Behavior\ReadHtmlCacheBehavior [ RunTime:0.002666s ]
INFO: [ app_begin ] --END-- [ RunTime:0.002910s ]
NOTIC: [2] call_user_func() expects parameter 1 to be a valid callback, no array or string given F:\TPblog\ThinkPHP\Library\Think\Upload.class.php 第 170 行.
ERR: 不存在的图像文件

[ 2017-06-20T23:18:39+08:00 ] 127.0.0.1 /index.php/Admin/Goods/goodsAdd.html
INFO: [ app_init ] --START--
INFO: Run Behavior\BuildLiteBehavior [ RunTime:0.000053s ]
INFO: [ app_init ] --END-- [ RunTime:0.001610s ]
INFO: [ app_begin ] --START--
INFO: Run Behavior\ReadHtmlCacheBehavior [ RunTime:0.002612s ]
INFO: [ app_begin ] --END-- [ RunTime:0.002905s ]
NOTIC: [2] call_user_func() expects parameter 1 to be a valid callback, no array or string given F:\TPblog\ThinkPHP\Library\Think\Upload.class.php 第 170 行.
ERR: 不存在的图像文件

[ 2017-06-20T23:36:20+08:00 ] 127.0.0.1 /index.php/Admin/Goods/goodsAdd.html
INFO: [ app_init ] --START--
INFO: Run Behavior\BuildLiteBehavior [ RunTime:0.000082s ]
INFO: [ app_init ] --END-- [ RunTime:0.002164s ]
INFO: [ app_begin ] --START--
INFO: Run Behavior\ReadHtmlCacheBehavior [ RunTime:0.001960s ]
INFO: [ app_begin ] --END-- [ RunTime:0.002191s ]
NOTIC: [2] call_user_func() expects parameter 1 to be a valid callback, no array or string given F:\TPblog\ThinkPHP\Library\Think\Upload.class.php 第 170 行.
ERR: 不存在的图像文件

[ 2017-06-20T23:42:48+08:00 ] 127.0.0.1 /index.php/Admin/Goods/goodsAdd.html
INFO: [ app_init ] --START--
INFO: Run Behavior\BuildLiteBehavior [ RunTime:0.000053s ]
INFO: [ app_init ] --END-- [ RunTime:0.001313s ]
INFO: [ app_begin ] --START--
INFO: Run Behavior\ReadHtmlCacheBehavior [ RunTime:0.002486s ]
INFO: [ app_begin ] --END-- [ RunTime:0.002719s ]
NOTIC: [2] call_user_func() expects parameter 1 to be a valid callback, no array or string given F:\TPblog\ThinkPHP\Library\Think\Upload.class.php 第 170 行.
ERR: 不存在的图像文件

[ 2017-06-20T23:43:20+08:00 ] 127.0.0.1 /index.php/Admin/Goods/goodsAdd.html
INFO: [ app_init ] --START--
INFO: Run Behavior\BuildLiteBehavior [ RunTime:0.000055s ]
INFO: [ app_init ] --END-- [ RunTime:0.001383s ]
INFO: [ app_begin ] --START--
INFO: Run Behavior\ReadHtmlCacheBehavior [ RunTime:0.002728s ]
INFO: [ app_begin ] --END-- [ RunTime:0.003019s ]
NOTIC: [2] call_user_func() expects parameter 1 to be a valid callback, no array or string given F:\TPblog\ThinkPHP\Library\Think\Upload.class.php 第 170 行.
ERR: 不存在的图像文件

[ 2017-06-20T23:43:26+08:00 ] 127.0.0.1 /index.php/Admin/goods/goodsAdd.html
INFO: [ app_init ] --START--
INFO: Run Behavior\BuildLiteBehavior [ RunTime:0.000053s ]
INFO: [ app_init ] --END-- [ RunTime:0.001257s ]
INFO: [ app_begin ] --START--
INFO: Run Behavior\ReadHtmlCacheBehavior [ RunTime:0.002706s ]
INFO: [ app_begin ] --END-- [ RunTime:0.002929s ]
SQL: SHOW COLUMNS FROM `category` [ RunTime:0.0144s ]
SQL: SELECT * FROM `category` WHERE ( cate_pid=0 )  [ RunTime:0.0006s ]
SQL: SHOW COLUMNS FROM `brand` [ RunTime:0.0127s ]
SQL: SELECT * FROM `brand`  [ RunTime:0.0006s ]
INFO: [ view_parse ] --START--
INFO: [ template_filter ] --START--
INFO: Run Behavior\ContentReplaceBehavior [ RunTime:0.000316s ]
INFO: [ template_filter ] --END-- [ RunTime:0.000838s ]
INFO: Run Behavior\ParseTemplateBehavior [ RunTime:0.032451s ]
INFO: [ view_parse ] --END-- [ RunTime:0.032685s ]
INFO: [ view_filter ] --START--
INFO: Run Behavior\WriteHtmlCacheBehavior [ RunTime:0.002288s ]
INFO: [ view_filter ] --END-- [ RunTime:0.002614s ]
INFO: [ app_end ] --START--
INFO: Run Behavior\ShowPageTraceBehavior [ RunTime:0.003520s ]
INFO: [ app_end ] --END-- [ RunTime:0.003817s ]

[ 2017-06-20T23:43:36+08:00 ] 127.0.0.1 /index.php/Admin/Goods/goodsAdd.html
INFO: [ app_init ] --START--
INFO: Run Behavior\BuildLiteBehavior [ RunTime:0.000070s ]
INFO: [ app_init ] --END-- [ RunTime:0.001362s ]
INFO: [ app_begin ] --START--
INFO: Run Behavior\ReadHtmlCacheBehavior [ RunTime:0.002161s ]
INFO: [ app_begin ] --END-- [ RunTime:0.002422s ]
NOTIC: [2] call_user_func() expects parameter 1 to be a valid callback, no array or string given F:\TPblog\ThinkPHP\Library\Think\Upload.class.php 第 170 行.
ERR: 不存在的图像文件

[ 2017-06-20T23:44:31+08:00 ] 127.0.0.1 /index.php/Admin/Goods/goodsAdd.html
INFO: [ app_init ] --START--
INFO: Run Behavior\BuildLiteBehavior [ RunTime:0.000054s ]
INFO: [ app_init ] --END-- [ RunTime:0.001634s ]
INFO: [ app_begin ] --START--
INFO: Run Behavior\ReadHtmlCacheBehavior [ RunTime:0.002518s ]
INFO: [ app_begin ] --END-- [ RunTime:0.002827s ]
NOTIC: [2] call_user_func() expects parameter 1 to be a valid callback, no array or string given F:\TPblog\ThinkPHP\Library\Think\Upload.class.php 第 170 行.
ERR: 不存在的图像文件

[ 2017-06-20T23:44:35+08:00 ] 127.0.0.1 /index.php/Admin/Category/categoryList.html
INFO: [ app_init ] --START--
INFO: Run Behavior\BuildLiteBehavior [ RunTime:0.000052s ]
INFO: [ app_init ] --END-- [ RunTime:0.001363s ]
INFO: [ app_begin ] --START--
INFO: Run Behavior\ReadHtmlCacheBehavior [ RunTime:0.003135s ]
INFO: [ app_begin ] --END-- [ RunTime:0.003492s ]
SQL: SHOW COLUMNS FROM `category` [ RunTime:0.0117s ]
SQL: SELECT * FROM `category`  [ RunTime:0.0007s ]
INFO: [ view_parse ] --START--
INFO: [ template_filter ] --START--
INFO: Run Behavior\ContentReplaceBehavior [ RunTime:0.000303s ]
INFO: [ template_filter ] --END-- [ RunTime:0.000566s ]
NOTIC: [8] Use of undefined constant id - assumed 'id' F:\TPblog\Application\Runtime\Cache\Admin\c632d2e49df9ad5c68635901312e5643.php 第 39 行.
NOTIC: [8] Use of undefined constant id - assumed 'id' F:\TPblog\Application\Runtime\Cache\Admin\c632d2e49df9ad5c68635901312e5643.php 第 39 行.
NOTIC: [8] Use of undefined constant id - assumed 'id' F:\TPblog\Application\Runtime\Cache\Admin\c632d2e49df9ad5c68635901312e5643.php 第 39 行.
NOTIC: [8] Use of undefined constant id - assumed 'id' F:\TPblog\Application\Runtime\Cache\Admin\c632d2e49df9ad5c68635901312e5643.php 第 39 行.
NOTIC: [8] Use of undefined constant id - assumed 'id' F:\TPblog\Application\Runtime\Cache\Admin\c632d2e49df9ad5c68635901312e5643.php 第 39 行.
NOTIC: [8] Use of undefined constant id - assumed 'id' F:\TPblog\Application\Runtime\Cache\Admin\c632d2e49df9ad5c68635901312e5643.php 第 39 行.
NOTIC: [8] Use of undefined constant id - assumed 'id' F:\TPblog\Application\Runtime\Cache\Admin\c632d2e49df9ad5c68635901312e5643.php 第 39 行.
NOTIC: [8] Use of undefined constant id - assumed 'id' F:\TPblog\Application\Runtime\Cache\Admin\c632d2e49df9ad5c68635901312e5643.php 第 39 行.
NOTIC: [8] Use of undefined constant id - assumed 'id' F:\TPblog\Application\Runtime\Cache\Admin\c632d2e49df9ad5c68635901312e5643.php 第 39 行.
NOTIC: [8] Use of undefined constant id - assumed 'id' F:\TPblog\Application\Runtime\Cache\Admin\c632d2e49df9ad5c68635901312e5643.php 第 39 行.
NOTIC: [8] Use of undefined constant id - assumed 'id' F:\TPblog\Application\Runtime\Cache\Admin\c632d2e49df9ad5c68635901312e5643.php 第 39 行.
NOTIC: [8] Use of undefined constant id - assumed 'id' F:\TPblog\Application\Runtime\Cache\Admin\c632d2e49df9ad5c68635901312e5643.php 第 39 行.
INFO: Run Behavior\ParseTemplateBehavior [ RunTime:0.033146s ]
INFO: [ view_parse ] --END-- [ RunTime:0.033437s ]
INFO: [ view_filter ] --START--
INFO: Run Behavior\WriteHtmlCacheBehavior [ RunTime:0.001534s ]
INFO: [ view_filter ] --END-- [ RunTime:0.001760s ]
INFO: [ app_end ] --START--
INFO: Run Behavior\ShowPageTraceBehavior [ RunTime:0.003480s ]
INFO: [ app_end ] --END-- [ RunTime:0.003822s ]

[ 2017-06-20T23:44:38+08:00 ] 127.0.0.1 /index.php/Admin/goods/goodsAdd.html
INFO: [ app_init ] --START--
INFO: Run Behavior\BuildLiteBehavior [ RunTime:0.000052s ]
INFO: [ app_init ] --END-- [ RunTime:0.001611s ]
INFO: [ app_begin ] --START--
INFO: Run Behavior\ReadHtmlCacheBehavior [ RunTime:0.002330s ]
INFO: [ app_begin ] --END-- [ RunTime:0.002593s ]
SQL: SHOW COLUMNS FROM `category` [ RunTime:0.0139s ]
SQL: SELECT * FROM `category` WHERE ( cate_pid=0 )  [ RunTime:0.0005s ]
SQL: SHOW COLUMNS FROM `brand` [ RunTime:0.0132s ]
SQL: SELECT * FROM `brand`  [ RunTime:0.0006s ]
INFO: [ view_parse ] --START--
INFO: [ template_filter ] --START--
INFO: Run Behavior\ContentReplaceBehavior [ RunTime:0.000308s ]
INFO: [ template_filter ] --END-- [ RunTime:0.000528s ]
INFO: Run Behavior\ParseTemplateBehavior [ RunTime:0.031840s ]
INFO: [ view_parse ] --END-- [ RunTime:0.032163s ]
INFO: [ view_filter ] --START--
INFO: Run Behavior\WriteHtmlCacheBehavior [ RunTime:0.001687s ]
INFO: [ view_filter ] --END-- [ RunTime:0.001933s ]
INFO: [ app_end ] --START--
INFO: Run Behavior\ShowPageTraceBehavior [ RunTime:0.002508s ]
INFO: [ app_end ] --END-- [ RunTime:0.002727s ]

[ 2017-06-20T23:44:42+08:00 ] 127.0.0.1 /index.php/Admin/Goods/goodsAdd.html
INFO: [ app_init ] --START--
INFO: Run Behavior\BuildLiteBehavior [ RunTime:0.000053s ]
INFO: [ app_init ] --END-- [ RunTime:0.001332s ]
INFO: [ app_begin ] --START--
INFO: Run Behavior\ReadHtmlCacheBehavior [ RunTime:0.002428s ]
INFO: [ app_begin ] --END-- [ RunTime:0.002767s ]
NOTIC: [2] call_user_func() expects parameter 1 to be a valid callback, no array or string given F:\TPblog\ThinkPHP\Library\Think\Upload.class.php 第 170 行.
ERR: 不存在的图像文件

[ 2017-06-20T23:46:34+08:00 ] 127.0.0.1 /index.php/Admin/Goods/goodsAdd.html
INFO: [ app_init ] --START--
INFO: Run Behavior\BuildLiteBehavior [ RunTime:0.000054s ]
INFO: [ app_init ] --END-- [ RunTime:0.001466s ]
INFO: [ app_begin ] --START--
INFO: Run Behavior\ReadHtmlCacheBehavior [ RunTime:0.002791s ]
INFO: [ app_begin ] --END-- [ RunTime:0.003035s ]
NOTIC: [2] call_user_func() expects parameter 1 to be a valid callback, no array or string given F:\TPblog\ThinkPHP\Library\Think\Upload.class.php 第 170 行.
ERR: 不存在的图像文件

[ 2017-06-20T23:46:41+08:00 ] 127.0.0.1 /index.php/Admin/goods/goodsAdd.html
INFO: [ app_init ] --START--
INFO: Run Behavior\BuildLiteBehavior [ RunTime:0.000062s ]
INFO: [ app_init ] --END-- [ RunTime:0.001386s ]
INFO: [ app_begin ] --START--
INFO: Run Behavior\ReadHtmlCacheBehavior [ RunTime:0.002747s ]
INFO: [ app_begin ] --END-- [ RunTime:0.003085s ]
SQL: SHOW COLUMNS FROM `category` [ RunTime:0.0124s ]
SQL: SELECT * FROM `category` WHERE ( cate_pid=0 )  [ RunTime:0.0006s ]
SQL: SHOW COLUMNS FROM `brand` [ RunTime:0.0111s ]
SQL: SELECT * FROM `brand`  [ RunTime:0.0005s ]
INFO: [ view_parse ] --START--
INFO: [ template_filter ] --START--
INFO: Run Behavior\ContentReplaceBehavior [ RunTime:0.000292s ]
INFO: [ template_filter ] --END-- [ RunTime:0.000593s ]
INFO: Run Behavior\ParseTemplateBehavior [ RunTime:0.031348s ]
INFO: [ view_parse ] --END-- [ RunTime:0.031626s ]
INFO: [ view_filter ] --START--
INFO: Run Behavior\WriteHtmlCacheBehavior [ RunTime:0.001365s ]
INFO: [ view_filter ] --END-- [ RunTime:0.001541s ]
INFO: [ app_end ] --START--
INFO: Run Behavior\ShowPageTraceBehavior [ RunTime:0.002124s ]
INFO: [ app_end ] --END-- [ RunTime:0.002335s ]

[ 2017-06-20T23:46:44+08:00 ] 127.0.0.1 /index.php/Admin/Goods/goodsList
INFO: [ app_init ] --START--
INFO: Run Behavior\BuildLiteBehavior [ RunTime:0.000052s ]
INFO: [ app_init ] --END-- [ RunTime:0.001320s ]
INFO: [ app_begin ] --START--
INFO: Run Behavior\ReadHtmlCacheBehavior [ RunTime:0.002054s ]
INFO: [ app_begin ] --END-- [ RunTime:0.002341s ]
SQL: SHOW COLUMNS FROM `goods` [ RunTime:0.0387s ]
SQL: SELECT * FROM `goods`  [ RunTime:0.0007s ]
INFO: [ view_parse ] --START--
INFO: [ template_filter ] --START--
INFO: Run Behavior\ContentReplaceBehavior [ RunTime:0.000427s ]
INFO: [ template_filter ] --END-- [ RunTime:0.000722s ]
NOTIC: [8] Undefined variable: cat_list F:\TPblog\Application\Runtime\Cache\Admin\3268fbbbd0eb3ffe30140f78ff508f86.php 第 22 行.
NOTIC: [8] Undefined variable: brand_list F:\TPblog\Application\Runtime\Cache\Admin\3268fbbbd0eb3ffe30140f78ff508f86.php 第 27 行.
NOTIC: [8] Undefined variable: val F:\TPblog\Application\Runtime\Cache\Admin\3268fbbbd0eb3ffe30140f78ff508f86.php 第 71 行.
NOTIC: [8] Undefined variable: val F:\TPblog\Application\Runtime\Cache\Admin\3268fbbbd0eb3ffe30140f78ff508f86.php 第 72 行.
NOTIC: [8] Undefined variable: val F:\TPblog\Application\Runtime\Cache\Admin\3268fbbbd0eb3ffe30140f78ff508f86.php 第 73 行.
NOTIC: [8] Undefined variable: val F:\TPblog\Application\Runtime\Cache\Admin\3268fbbbd0eb3ffe30140f78ff508f86.php 第 77 行.
NOTIC: [8] Undefined variable: val F:\TPblog\Application\Runtime\Cache\Admin\3268fbbbd0eb3ffe30140f78ff508f86.php 第 78 行.
NOTIC: [8] Undefined variable: val F:\TPblog\Application\Runtime\Cache\Admin\3268fbbbd0eb3ffe30140f78ff508f86.php 第 79 行.
NOTIC: [8] Undefined variable: val F:\TPblog\Application\Runtime\Cache\Admin\3268fbbbd0eb3ffe30140f78ff508f86.php 第 71 行.
NOTIC: [8] Undefined variable: val F:\TPblog\Application\Runtime\Cache\Admin\3268fbbbd0eb3ffe30140f78ff508f86.php 第 72 行.
NOTIC: [8] Undefined variable: val F:\TPblog\Application\Runtime\Cache\Admin\3268fbbbd0eb3ffe30140f78ff508f86.php 第 73 行.
NOTIC: [8] Undefined variable: val F:\TPblog\Application\Runtime\Cache\Admin\3268fbbbd0eb3ffe30140f78ff508f86.php 第 77 行.
NOTIC: [8] Undefined variable: val F:\TPblog\Application\Runtime\Cache\Admin\3268fbbbd0eb3ffe30140f78ff508f86.php 第 78 行.
NOTIC: [8] Undefined variable: val F:\TPblog\Application\Runtime\Cache\Admin\3268fbbbd0eb3ffe30140f78ff508f86.php 第 79 行.
NOTIC: [8] Undefined variable: showPage F:\TPblog\Application\Runtime\Cache\Admin\3268fbbbd0eb3ffe30140f78ff508f86.php 第 88 行.
INFO: Run Behavior\ParseTemplateBehavior [ RunTime:0.038565s ]
INFO: [ view_parse ] --END-- [ RunTime:0.038809s ]
INFO: [ view_filter ] --START--
INFO: Run Behavior\WriteHtmlCacheBehavior [ RunTime:0.001390s ]
INFO: [ view_filter ] --END-- [ RunTime:0.001563s ]
INFO: [ app_end ] --START--
INFO: Run Behavior\ShowPageTraceBehavior [ RunTime:0.002521s ]
INFO: [ app_end ] --END-- [ RunTime:0.002740s ]

[ 2017-06-20T23:46:44+08:00 ] 127.0.0.1 /index.php/Admin/Goods//Public/Admin/Images/icon_search.gif
INFO: [ app_init ] --START--
INFO: Run Behavior\BuildLiteBehavior [ RunTime:0.000055s ]
INFO: [ app_init ] --END-- [ RunTime:0.002882s ]

[ 2017-06-20T23:46:46+08:00 ] 127.0.0.1 /index.php/Admin/Goods/goodsAdd
INFO: [ app_init ] --START--
INFO: Run Behavior\BuildLiteBehavior [ RunTime:0.000051s ]
INFO: [ app_init ] --END-- [ RunTime:0.001241s ]
INFO: [ app_begin ] --START--
INFO: Run Behavior\ReadHtmlCacheBehavior [ RunTime:0.001949s ]
INFO: [ app_begin ] --END-- [ RunTime:0.002179s ]
SQL: SHOW COLUMNS FROM `category` [ RunTime:0.0110s ]
SQL: SELECT * FROM `category` WHERE ( cate_pid=0 )  [ RunTime:0.0005s ]
SQL: SHOW COLUMNS FROM `brand` [ RunTime:0.0119s ]
SQL: SELECT * FROM `brand`  [ RunTime:0.0005s ]
INFO: [ view_parse ] --START--
INFO: [ template_filter ] --START--
INFO: Run Behavior\ContentReplaceBehavior [ RunTime:0.000291s ]
INFO: [ template_filter ] --END-- [ RunTime:0.000501s ]
INFO: Run Behavior\ParseTemplateBehavior [ RunTime:0.028350s ]
INFO: [ view_parse ] --END-- [ RunTime:0.028587s ]
INFO: [ view_filter ] --START--
INFO: Run Behavior\WriteHtmlCacheBehavior [ RunTime:0.001659s ]
INFO: [ view_filter ] --END-- [ RunTime:0.001913s ]
INFO: [ app_end ] --START--
INFO: Run Behavior\ShowPageTraceBehavior [ RunTime:0.002177s ]
INFO: [ app_end ] --END-- [ RunTime:0.002369s ]

[ 2017-06-20T23:46:50+08:00 ] 127.0.0.1 /index.php/Admin/Goods/goodsAdd.html
INFO: [ app_init ] --START--
INFO: Run Behavior\BuildLiteBehavior [ RunTime:0.000054s ]
INFO: [ app_init ] --END-- [ RunTime:0.001574s ]
INFO: [ app_begin ] --START--
INFO: Run Behavior\ReadHtmlCacheBehavior [ RunTime:0.002279s ]
INFO: [ app_begin ] --END-- [ RunTime:0.002585s ]
NOTIC: [2] call_user_func() expects parameter 1 to be a valid callback, no array or string given F:\TPblog\ThinkPHP\Library\Think\Upload.class.php 第 170 行.
ERR: 不存在的图像文件

